<?xml version="1.0" encoding="UTF-8"?>
<testsuite xmlns:xsi="http://www.w3.org/2001/XMLSchema-instance" xsi:noNamespaceSchemaLocation="https://maven.apache.org/surefire/maven-surefire-plugin/xsd/surefire-test-report-3.0.xsd" version="3.0" name="stepdefs.TestRunner" time="82.452" tests="4" errors="0" skipped="0" failures="0">
  <properties>
[...]
</properties>
  <testcase name="Validate the login failure scenario" classname="This feature will be used to create the login functionality of the simplilearn application" time="19.18">
    <system-out><![CDATA[
@browser @sanity
Scenario: Validate the login failure scenario &amp#27;[90m# src/test/java/features/Login.feature:16&amp#27;[0m
  &amp#27;[32mGiven &amp#27;[0m&amp#27;[32mI have launched the application&amp#27;[0m       &amp#27;[90m# stepdefs.SimpliLearnLoginStepDef.i_have_launched_the_application()&amp#27;[0m
  &amp#27;[32mAnd &amp#27;[0m&amp#27;[32mI have clicked on the login link&amp#27;[0m        &amp#27;[90m# stepdefs.SimpliLearnLoginStepDef.i_have_clicked_on_the_login_link()&amp#27;[0m
  &amp#27;[32mWhen &amp#27;[0m&amp#27;[32mI enter username&amp#27;[0m                       &amp#27;[90m# stepdefs.SimpliLearnLoginStepDef.i_enter_username()&amp#27;[0m
  &amp#27;[32mAnd &amp#27;[0m&amp#27;[32mI enter password&amp#27;[0m                        &amp#27;[90m# stepdefs.SimpliLearnLoginStepDef.i_enter_password()&amp#27;[0m
  &amp#27;[32mAnd &amp#27;[0m&amp#27;[32mI click on login button&amp#27;[0m                 &amp#27;[90m# stepdefs.SimpliLearnLoginStepDef.i_click_on_login_button()&amp#27;[0m
  &amp#27;[32mThen &amp#27;[0m&amp#27;[32mI should get the error message&amp#27;[0m         &amp#27;[90m# stepdefs.SimpliLearnLoginStepDef.i_should_get_the_error_message()&amp#27;[0m
]]></system-out>
    <system-err><![CDATA[May 24, 2023 3:35:33 PM io.cucumber.junit.Cucumber <init>
WARNING: By default Cucumber is running in --non-strict mode.
This default will change to --strict and --non-strict will be removed.
You can use --strict or @CucumberOptions(strict = true) to suppress this warning
SLF4J: Failed to load class "org.slf4j.impl.StaticLoggerBinder".
SLF4J: Defaulting to no-operation (NOP) logger implementation
SLF4J: See http://www.slf4j.org/codes.html#StaticLoggerBinder for further details.
Starting ChromeDriver 113.0.5672.63 (0e1a4471d5ae5bf128b1bd8f4d627c8cbd55f70c-refs/branch-heads/5672@{#912}) on port 32207
Only local connections are allowed.
Please see https://chromedriver.chromium.org/security-considerations for suggestions on keeping ChromeDriver safe.
ChromeDriver was started successfully.
May 24, 2023 3:35:38 PM org.openqa.selenium.remote.ProtocolHandshake createSession
INFO: Detected dialect: W3C
]]></system-err>
  </testcase>
  <testcase name="Validate the Login failure scenario using parameters" classname="This feature will be used to create the login functionality of the simplilearn application" time="17.847">
    <system-out><![CDATA[
@browser @sanity
Scenario: Validate the Login failure scenario using parameters                                &amp#27;[90m# src/test/java/features/Login.feature:23&amp#27;[0m
  &amp#27;[32mGiven &amp#27;[0m&amp#27;[32mI have launched the application&amp#27;[0m                                                       &amp#27;[90m# stepdefs.SimpliLearnLoginStepDef.i_have_launched_the_application()&amp#27;[0m
  &amp#27;[32mAnd &amp#27;[0m&amp#27;[32mI have clicked on the login link&amp#27;[0m                                                        &amp#27;[90m# stepdefs.SimpliLearnLoginStepDef.i_have_clicked_on_the_login_link()&amp#27;[0m
  &amp#27;[32mWhen &amp#27;[0m&amp#27;[32mI enter username as &amp#27;[0m&amp#27;[32m&amp#27;[1m"abc@xyz.com"&amp#27;[0m                                                      &amp#27;[90m# stepdefs.SimpliLearnLoginStepDef.i_enter_username_as(java.lang.String)&amp#27;[0m
  &amp#27;[32mAnd &amp#27;[0m&amp#27;[32mI enter password as &amp#27;[0m&amp#27;[32m&amp#27;[1m"Abc@1234"&amp#27;[0m                                                          &amp#27;[90m# stepdefs.SimpliLearnLoginStepDef.i_enter_password_as(java.lang.String)&amp#27;[0m
  &amp#27;[32mAnd &amp#27;[0m&amp#27;[32mI click on login button&amp#27;[0m                                                                 &amp#27;[90m# stepdefs.SimpliLearnLoginStepDef.i_click_on_login_button()&amp#27;[0m
  &amp#27;[32mThen &amp#27;[0m&amp#27;[32mI should get the error message as &amp#27;[0m&amp#27;[32m&amp#27;[1m"The email or password you have entered is invalid."&amp#27;[0m &amp#27;[90m# stepdefs.SimpliLearnLoginStepDef.i_should_get_the_error_message_as(java.lang.String)&amp#27;[0m
]]></system-out>
    <system-err><![CDATA[Starting ChromeDriver 113.0.5672.63 (0e1a4471d5ae5bf128b1bd8f4d627c8cbd55f70c-refs/branch-heads/5672@{#912}) on port 11857
Only local connections are allowed.
Please see https://chromedriver.chromium.org/security-considerations for suggestions on keeping ChromeDriver safe.
ChromeDriver was started successfully.
May 24, 2023 3:35:55 PM org.openqa.selenium.remote.ProtocolHandshake createSession
INFO: Detected dialect: W3C
]]></system-err>
  </testcase>
  <testcase name="Validate the login failure scenario using examples" classname="This feature will be used to create the login functionality of the simplilearn application" time="17.578">
    <system-out><![CDATA[
@browser @Regression @sanity
Scenario Outline: Validate the login failure scenario using examples                          &amp#27;[90m# src/test/java/features/Login.feature:38&amp#27;[0m
  &amp#27;[32mGiven &amp#27;[0m&amp#27;[32mI have launched the application&amp#27;[0m                                                       &amp#27;[90m# stepdefs.SimpliLearnLoginStepDef.i_have_launched_the_application()&amp#27;[0m
  &amp#27;[32mAnd &amp#27;[0m&amp#27;[32mI have clicked on the login link&amp#27;[0m                                                        &amp#27;[90m# stepdefs.SimpliLearnLoginStepDef.i_have_clicked_on_the_login_link()&amp#27;[0m
  &amp#27;[32mWhen &amp#27;[0m&amp#27;[32mI enter username as &amp#27;[0m&amp#27;[32m&amp#27;[1m"pqr@xyz.com"&amp#27;[0m                                                      &amp#27;[90m# stepdefs.SimpliLearnLoginStepDef.i_enter_username_as(java.lang.String)&amp#27;[0m
  &amp#27;[32mAnd &amp#27;[0m&amp#27;[32mI enter password as &amp#27;[0m&amp#27;[32m&amp#27;[1m"Pqr@1234"&amp#27;[0m                                                          &amp#27;[90m# stepdefs.SimpliLearnLoginStepDef.i_enter_password_as(java.lang.String)&amp#27;[0m
  &amp#27;[32mAnd &amp#27;[0m&amp#27;[32mI click on login button&amp#27;[0m                                                                 &amp#27;[90m# stepdefs.SimpliLearnLoginStepDef.i_click_on_login_button()&amp#27;[0m
  &amp#27;[32mThen &amp#27;[0m&amp#27;[32mI should get the error message as &amp#27;[0m&amp#27;[32m&amp#27;[1m"The email or password you have entered is invalid."&amp#27;[0m &amp#27;[90m# stepdefs.SimpliLearnLoginStepDef.i_should_get_the_error_message_as(java.lang.String)&amp#27;[0m
]]></system-out>
    <system-err><![CDATA[Starting ChromeDriver 113.0.5672.63 (0e1a4471d5ae5bf128b1bd8f4d627c8cbd55f70c-refs/branch-heads/5672@{#912}) on port 6246
Only local connections are allowed.
Please see https://chromedriver.chromium.org/security-considerations for suggestions on keeping ChromeDriver safe.
ChromeDriver was started successfully.
May 24, 2023 3:36:13 PM org.openqa.selenium.remote.ProtocolHandshake createSession
INFO: Detected dialect: W3C
]]></system-err>
  </testcase>
  <testcase name="Validate the login failure scenario using examples" classname="This feature will be used to create the login functionality of the simplilearn application" time="26.575">
    <system-out><![CDATA[
@browser @Regression @sanity
Scenario Outline: Validate the login failure scenario using examples                          &amp#27;[90m# src/test/java/features/Login.feature:39&amp#27;[0m
  &amp#27;[32mGiven &amp#27;[0m&amp#27;[32mI have launched the application&amp#27;[0m                                                       &amp#27;[90m# stepdefs.SimpliLearnLoginStepDef.i_have_launched_the_application()&amp#27;[0m
  &amp#27;[32mAnd &amp#27;[0m&amp#27;[32mI have clicked on the login link&amp#27;[0m                                                        &amp#27;[90m# stepdefs.SimpliLearnLoginStepDef.i_have_clicked_on_the_login_link()&amp#27;[0m
  &amp#27;[32mWhen &amp#27;[0m&amp#27;[32mI enter username as &amp#27;[0m&amp#27;[32m&amp#27;[1m"xyz@abc.com"&amp#27;[0m                                                      &amp#27;[90m# stepdefs.SimpliLearnLoginStepDef.i_enter_username_as(java.lang.String)&amp#27;[0m
  &amp#27;[32mAnd &amp#27;[0m&amp#27;[32mI enter password as &amp#27;[0m&amp#27;[32m&amp#27;[1m"Xyz@1234"&amp#27;[0m                                                          &amp#27;[90m# stepdefs.SimpliLearnLoginStepDef.i_enter_password_as(java.lang.String)&amp#27;[0m
  &amp#27;[32mAnd &amp#27;[0m&amp#27;[32mI click on login button&amp#27;[0m                                                                 &amp#27;[90m# stepdefs.SimpliLearnLoginStepDef.i_click_on_login_button()&amp#27;[0m
  &amp#27;[32mThen &amp#27;[0m&amp#27;[32mI should get the error message as &amp#27;[0m&amp#27;[32m&amp#27;[1m"The email or password you have entered is invalid."&amp#27;[0m &amp#27;[90m# stepdefs.SimpliLearnLoginStepDef.i_should_get_the_error_message_as(java.lang.String)&amp#27;[0m
]]></system-out>
    <system-err><![CDATA[Starting ChromeDriver 113.0.5672.63 (0e1a4471d5ae5bf128b1bd8f4d627c8cbd55f70c-refs/branch-heads/5672@{#912}) on port 15629
Only local connections are allowed.
Please see https://chromedriver.chromium.org/security-considerations for suggestions on keeping ChromeDriver safe.
ChromeDriver was started successfully.
May 24, 2023 3:36:31 PM org.openqa.selenium.remote.ProtocolHandshake createSession
INFO: Detected dialect: W3C
]]></system-err>
  </testcase>
</testsuite>